Timer with period zero, disabling
=== Starting Reset_Handler ===
Initializing .data section
Zeroing .bss section
Vector table set
Calling main()...
✅ PASS: Small integer should parse without error
✅ PASS: Should be integer type
✅ PASS: Should parse value 5
✅ PASS: Medium integer should parse without error
✅ PASS: Should parse value 100
✅ PASS: Negative integer should parse without error
✅ PASS: Should parse value -1
✅ PASS: Text string should parse without error
✅ PASS: Should be text string type
✅ PASS: String length should be 5
✅ PASS: String content should be 'hello'
✅ PASS: Byte string should parse without error
✅ PASS: Should be byte string type
✅ PASS: Byte string length should be 4
✅ PASS: Empty string should parse without error
✅ PASS: Empty string length should be 0
✅ PASS: False value should parse without error
✅ PASS: Should be simple type
✅ PASS: Should be false value
✅ PASS: True value should parse without error
✅ PASS: Should be true value
✅ PASS: Null value should parse without error
✅ PASS: Should be null value
✅ PASS: Undefined value should parse without error
✅ PASS: Should be undefined value
✅ PASS: Empty array should parse without error
✅ PASS: Should be array type
✅ PASS: Array length should be 0
✅ PASS: Simple array should parse without error
✅ PASS: Should be array type
✅ PASS: Array length should be 3
✅ PASS: Array processing should succeed
✅ PASS: Should process 3 elements
✅ PASS: Empty map should parse without error
✅ PASS: Should be map type
✅ PASS: Map length should be 0
✅ PASS: Simple map should parse without error
✅ PASS: Should be map type
✅ PASS: Map length should be 1
✅ PASS: Map processing should succeed
✅ PASS: Should process 1 pair
Tests passed: 41
Tests failed: 0
main() returned! Exiting.
